<?xml version="1.0" encoding="UTF-8"?>
<!-- Generated by org.testng.reporters.JUnitReportReporter -->
<testsuite hostname="LAPTOP-8533UNEF" failures="0" tests="2" name="testng.NewTestexcution" time="0.007" errors="0" timestamp="2022-05-04T09:28:58 EDT" skipped="0">
  <testcase classname="testng.NewTestexcution" name="test2" time="0.003"/>
  <system-out/>
  <testcase classname="testng.NewTestexcution" name="f" time="0.004"/>
  <system-out/>
</testsuite> <!-- testng.NewTestexcution -->
