<?xml version="1.0" encoding="UTF-8"?>
<!-- Generated by org.testng.reporters.JUnitReportReporter -->
<testsuite hostname="LAPTOP-8533UNEF" failures="0" tests="2" name="piit.automationOmarProgram.NewTestexcution" time="0.005" errors="0" timestamp="2022-05-04T08:51:54 EDT" skipped="0">
  <testcase classname="piit.automationOmarProgram.NewTestexcution" name="f" time="0.003"/>
  <system-out/>
  <testcase classname="piit.automationOmarProgram.NewTestexcution" name="test2" time="0.002"/>
  <system-out/>
</testsuite> <!-- piit.automationOmarProgram.NewTestexcution -->
